<?xml version="1.0" encoding="UTF-8"?>
<testsuite name="app.domain.InproceedingsTest" tests="14" skipped="0" failures="0" errors="0" timestamp="2017-04-11T12:47:03" hostname="kaisa-T410" time="0.03">
  <properties/>
  <testcase name="testGetPublisher" classname="app.domain.InproceedingsTest" time="0.003"/>
  <testcase name="testSetStartingPage" classname="app.domain.InproceedingsTest" time="0.004"/>
  <testcase name="testGetTitle" classname="app.domain.InproceedingsTest" time="0.001"/>
  <testcase name="testSetEndingPage" classname="app.domain.InproceedingsTest" time="0.002"/>
  <testcase name="testGetBookTitle" classname="app.domain.InproceedingsTest" time="0.005"/>
  <testcase name="testGetAddress" classname="app.domain.InproceedingsTest" time="0.001"/>
  <testcase name="testGetYear" classname="app.domain.InproceedingsTest" time="0.0"/>
  <testcase name="testSetPublisher" classname="app.domain.InproceedingsTest" time="0.0"/>
  <testcase name="testSetBookTitle" classname="app.domain.InproceedingsTest" time="0.0"/>
  <testcase name="testSetAddress" classname="app.domain.InproceedingsTest" time="0.0"/>
  <testcase name="testSetYear" classname="app.domain.InproceedingsTest" time="0.001"/>
  <testcase name="testGetStartingPage" classname="app.domain.InproceedingsTest" time="0.0"/>
  <testcase name="testGetEndingPage" classname="app.domain.InproceedingsTest" time="0.0"/>
  <testcase name="testSetTitle" classname="app.domain.InproceedingsTest" time="0.001"/>
  <system-out><![CDATA[getPublisher
setStartingPage
getTitle
setEndingPage
getBookTitle
getAddress
getYear
setPublisher
setBookTitle
setAddress
setYear
getStartingPage
getEndingPage
setTitle
]]></system-out>
  <system-err><![CDATA[]]></system-err>
</testsuite>
