<?xml version="1.0" encoding="UTF-8"?>
<testsuite name="app.domain.BookTest" tests="9" skipped="0" failures="0" errors="0" timestamp="2017-04-12T17:57:55" hostname="dhcp-asv-87" time="0.026">
  <properties/>
  <testcase name="testGetPublisher" classname="app.domain.BookTest" time="0.005"/>
  <testcase name="testGetTitle" classname="app.domain.BookTest" time="0.001"/>
  <testcase name="testGetId" classname="app.domain.BookTest" time="0.001"/>
  <testcase name="testGetAddress" classname="app.domain.BookTest" time="0.0"/>
  <testcase name="testGetYear" classname="app.domain.BookTest" time="0.001"/>
  <testcase name="testSetPublisher" classname="app.domain.BookTest" time="0.001"/>
  <testcase name="testSetAddress" classname="app.domain.BookTest" time="0.0"/>
  <testcase name="testSetYear" classname="app.domain.BookTest" time="0.013"/>
  <testcase name="testSetTitle" classname="app.domain.BookTest" time="0.0"/>
  <system-out><![CDATA[getPublisher
getTitle
getId
getAddress
getYear
setPublisher
setAddress
setYear
setTitle
]]></system-out>
  <system-err><![CDATA[]]></system-err>
</testsuite>
