<?xml version="1.0" encoding="UTF-8"?>
<testsuite name="app.domain.BookTest" tests="9" skipped="0" failures="0" errors="0" timestamp="2017-04-11T12:23:17" hostname="kaisa-T410" time="0.05">
  <properties/>
  <testcase name="testGetPublisher" classname="app.domain.BookTest" time="0.008"/>
  <testcase name="testGetTitle" classname="app.domain.BookTest" time="0.004"/>
  <testcase name="testGetId" classname="app.domain.BookTest" time="0.002"/>
  <testcase name="testGetAddress" classname="app.domain.BookTest" time="0.001"/>
  <testcase name="testGetYear" classname="app.domain.BookTest" time="0.002"/>
  <testcase name="testSetPublisher" classname="app.domain.BookTest" time="0.003"/>
  <testcase name="testSetAddress" classname="app.domain.BookTest" time="0.004"/>
  <testcase name="testSetYear" classname="app.domain.BookTest" time="0.004"/>
  <testcase name="testSetTitle" classname="app.domain.BookTest" time="0.003"/>
  <system-out><![CDATA[getPublisher
getTitle
getId
getAddress
getYear
setPublisher
setAddress
setYear
setTitle
]]></system-out>
  <system-err><![CDATA[]]></system-err>
</testsuite>
